
> olfong-web@1.0.0 dev
> vite

[33mThe CJS build of Vite's Node API is deprecated. See https://vite.dev/guide/troubleshooting.html#vite-cjs-node-api-deprecated for more details.[39m

  VITE v5.4.20  ready in 3026 ms

  ➜  Local:   http://localhost:3001/
(node:1840030) [MODULE_TYPELESS_PACKAGE_JSON] Warning: Module type of file:///home/olibuijr/Projects/olfong_stack/web/postcss.config.js is not specified and it doesn't parse as CommonJS.
Reparsing as ES module because module syntax was detected. This incurs a performance overhead.
To eliminate this warning, add "type": "module" to /home/olibuijr/Projects/olfong_stack/web/package.json.
(Use `node --trace-warnings ...` to show where the warning was created)
6:45:36 PM [vite] page reload src/pages/admin/chat/components/MessageItem.jsx
6:45:40 PM [vite] Pre-transform error: Failed to resolve import "../contexts/LanguageContext" from "src/pages/delivery/Dashboard.jsx". Does the file exist?
6:45:43 PM [vite] Internal server error: Failed to resolve import "../contexts/LanguageContext" from "src/pages/delivery/Dashboard.jsx". Does the file exist?
  Plugin: vite:import-analysis
  File: /home/olibuijr/Projects/olfong_stack/web/src/pages/delivery/Dashboard.jsx:2:28
  17 |  var _s = $RefreshSig$();
  18 |  import { useEffect, useState } from "react";
  19 |  import { useLanguage } from "../contexts/LanguageContext";
     |                               ^
  20 |  import { useDispatch, useSelector } from "react-redux";
  21 |  import {
      at TransformPluginContext._formatError (file:///home/olibuijr/Projects/olfong_stack/web/node_modules/vite/dist/node/chunks/dep-D_zLpgQd.js:49258:41)
      at TransformPluginContext.error (file:///home/olibuijr/Projects/olfong_stack/web/node_modules/vite/dist/node/chunks/dep-D_zLpgQd.js:49253:16)
      at normalizeUrl (file:///home/olibuijr/Projects/olfong_stack/web/node_modules/vite/dist/node/chunks/dep-D_zLpgQd.js:64306:23)
      at process.processTicksAndRejections (node:internal/process/task_queues:105:5)
      at async file:///home/olibuijr/Projects/olfong_stack/web/node_modules/vite/dist/node/chunks/dep-D_zLpgQd.js:64438:39
      at async Promise.all (index 4)
      at async TransformPluginContext.transform (file:///home/olibuijr/Projects/olfong_stack/web/node_modules/vite/dist/node/chunks/dep-D_zLpgQd.js:64365:7)
      at async PluginContainer.transform (file:///home/olibuijr/Projects/olfong_stack/web/node_modules/vite/dist/node/chunks/dep-D_zLpgQd.js:49099:18)
      at async loadAndTransform (file:///home/olibuijr/Projects/olfong_stack/web/node_modules/vite/dist/node/chunks/dep-D_zLpgQd.js:51977:27)
      at async viteTransformMiddleware (file:///home/olibuijr/Projects/olfong_stack/web/node_modules/vite/dist/node/chunks/dep-D_zLpgQd.js:62105:24)
6:46:36 PM [vite] hmr update /src/pages/admin/settings/ReceiptSettings.jsx, /src/index.css
6:46:36 PM [vite] hmr update /src/pages/admin/settings/ReceiptSettings.jsx, /src/index.css
6:46:38 PM [vite] Pre-transform error: Failed to resolve import "../contexts/LanguageContext" from "src/pages/delivery/Dashboard.jsx". Does the file exist?
6:46:40 PM [vite] Internal server error: Failed to resolve import "../contexts/LanguageContext" from "src/pages/delivery/Dashboard.jsx". Does the file exist?
  Plugin: vite:import-analysis
  File: /home/olibuijr/Projects/olfong_stack/web/src/pages/delivery/Dashboard.jsx:2:28
  17 |  var _s = $RefreshSig$();
  18 |  import { useEffect, useState } from "react";
  19 |  import { useLanguage } from "../contexts/LanguageContext";
     |                               ^
  20 |  import { useDispatch, useSelector } from "react-redux";
  21 |  import {
      at TransformPluginContext._formatError (file:///home/olibuijr/Projects/olfong_stack/web/node_modules/vite/dist/node/chunks/dep-D_zLpgQd.js:49258:41)
      at TransformPluginContext.error (file:///home/olibuijr/Projects/olfong_stack/web/node_modules/vite/dist/node/chunks/dep-D_zLpgQd.js:49253:16)
      at normalizeUrl (file:///home/olibuijr/Projects/olfong_stack/web/node_modules/vite/dist/node/chunks/dep-D_zLpgQd.js:64306:23)
      at process.processTicksAndRejections (node:internal/process/task_queues:105:5)
      at async file:///home/olibuijr/Projects/olfong_stack/web/node_modules/vite/dist/node/chunks/dep-D_zLpgQd.js:64438:39
      at async Promise.all (index 4)
      at async TransformPluginContext.transform (file:///home/olibuijr/Projects/olfong_stack/web/node_modules/vite/dist/node/chunks/dep-D_zLpgQd.js:64365:7)
      at async PluginContainer.transform (file:///home/olibuijr/Projects/olfong_stack/web/node_modules/vite/dist/node/chunks/dep-D_zLpgQd.js:49099:18)
      at async loadAndTransform (file:///home/olibuijr/Projects/olfong_stack/web/node_modules/vite/dist/node/chunks/dep-D_zLpgQd.js:51977:27)
      at async viteTransformMiddleware (file:///home/olibuijr/Projects/olfong_stack/web/node_modules/vite/dist/node/chunks/dep-D_zLpgQd.js:62105:24)
6:46:55 PM [vite] hmr update /src/pages/admin/settings/SMTPSettings.jsx, /src/index.css
6:46:56 PM [vite] Pre-transform error: Failed to resolve import "../contexts/LanguageContext" from "src/pages/delivery/Dashboard.jsx". Does the file exist?
6:46:57 PM [vite] Internal server error: Failed to resolve import "../contexts/LanguageContext" from "src/pages/delivery/Dashboard.jsx". Does the file exist?
  Plugin: vite:import-analysis
  File: /home/olibuijr/Projects/olfong_stack/web/src/pages/delivery/Dashboard.jsx:2:28
  17 |  var _s = $RefreshSig$();
  18 |  import { useEffect, useState } from "react";
  19 |  import { useLanguage } from "../contexts/LanguageContext";
     |                               ^
  20 |  import { useDispatch, useSelector } from "react-redux";
  21 |  import {
      at TransformPluginContext._formatError (file:///home/olibuijr/Projects/olfong_stack/web/node_modules/vite/dist/node/chunks/dep-D_zLpgQd.js:49258:41)
      at TransformPluginContext.error (file:///home/olibuijr/Projects/olfong_stack/web/node_modules/vite/dist/node/chunks/dep-D_zLpgQd.js:49253:16)
      at normalizeUrl (file:///home/olibuijr/Projects/olfong_stack/web/node_modules/vite/dist/node/chunks/dep-D_zLpgQd.js:64306:23)
      at process.processTicksAndRejections (node:internal/process/task_queues:105:5)
      at async file:///home/olibuijr/Projects/olfong_stack/web/node_modules/vite/dist/node/chunks/dep-D_zLpgQd.js:64438:39
      at async Promise.all (index 4)
      at async TransformPluginContext.transform (file:///home/olibuijr/Projects/olfong_stack/web/node_modules/vite/dist/node/chunks/dep-D_zLpgQd.js:64365:7)
      at async PluginContainer.transform (file:///home/olibuijr/Projects/olfong_stack/web/node_modules/vite/dist/node/chunks/dep-D_zLpgQd.js:49099:18)
      at async loadAndTransform (file:///home/olibuijr/Projects/olfong_stack/web/node_modules/vite/dist/node/chunks/dep-D_zLpgQd.js:51977:27)
      at async viteTransformMiddleware (file:///home/olibuijr/Projects/olfong_stack/web/node_modules/vite/dist/node/chunks/dep-D_zLpgQd.js:62105:24)
6:54:12 PM [vite] Internal server error: Failed to resolve import "../contexts/LanguageContext" from "src/pages/delivery/Dashboard.jsx". Does the file exist?
  Plugin: vite:import-analysis
  File: /home/olibuijr/Projects/olfong_stack/web/src/pages/delivery/Dashboard.jsx:2:28
  17 |  var _s = $RefreshSig$();
  18 |  import { useEffect, useState } from "react";
  19 |  import { useLanguage } from "../contexts/LanguageContext";
     |                               ^
  20 |  import { useDispatch, useSelector } from "react-redux";
  21 |  import {
      at TransformPluginContext._formatError (file:///home/olibuijr/Projects/olfong_stack/web/node_modules/vite/dist/node/chunks/dep-D_zLpgQd.js:49258:41)
      at TransformPluginContext.error (file:///home/olibuijr/Projects/olfong_stack/web/node_modules/vite/dist/node/chunks/dep-D_zLpgQd.js:49253:16)
      at normalizeUrl (file:///home/olibuijr/Projects/olfong_stack/web/node_modules/vite/dist/node/chunks/dep-D_zLpgQd.js:64306:23)
      at process.processTicksAndRejections (node:internal/process/task_queues:105:5)
      at async file:///home/olibuijr/Projects/olfong_stack/web/node_modules/vite/dist/node/chunks/dep-D_zLpgQd.js:64438:39
      at async Promise.all (index 4)
      at async TransformPluginContext.transform (file:///home/olibuijr/Projects/olfong_stack/web/node_modules/vite/dist/node/chunks/dep-D_zLpgQd.js:64365:7)
      at async PluginContainer.transform (file:///home/olibuijr/Projects/olfong_stack/web/node_modules/vite/dist/node/chunks/dep-D_zLpgQd.js:49099:18)
      at async loadAndTransform (file:///home/olibuijr/Projects/olfong_stack/web/node_modules/vite/dist/node/chunks/dep-D_zLpgQd.js:51977:27)
      at async viteTransformMiddleware (file:///home/olibuijr/Projects/olfong_stack/web/node_modules/vite/dist/node/chunks/dep-D_zLpgQd.js:62105:24)
